android/app/build/intermediates/manifest_merge_blame_file/release/manifest-merger-blame-release-report.txt
1<?xml version="1.0" encoding="utf-8"?>
2<manifest xmlns:android="http://schemas.android.com/apk/res/android"
3    package="com.games1.budget_tracker"
4    android:versionCode="1"
5    android:versionName="1.0.0" >
6
7    <uses-sdk
8        android:minSdkVersion="19"
8-->src/main/AndroidManifest.xml
9        android:targetSdkVersion="33" />
9-->src/main/AndroidManifest.xml
10
11    <!--
12         Required to query activities that can process text, see:
13         https://developer.android.com/training/package-visibility?hl=en and
14         https://developer.android.com/reference/android/content/Intent#ACTION_PROCESS_TEXT.
15         In particular, this is used by the Flutter engine in io.flutter.plugin.text.ProcessTextPlugin.
16    -->
17    <queries>
17-->src/main/AndroidManifest.xml:37:5-42:15
18        <intent>
18-->src/main/AndroidManifest.xml:38:9-41:18
19            <action android:name="android.intent.action.PROCESS_TEXT" />
19-->src/main/AndroidManifest.xml:39:13-72
19-->src/main/AndroidManifest.xml:39:21-70
20
21            <data android:mimeType="text/plain" />
21-->src/main/AndroidManifest.xml:40:13-50
21-->src/main/AndroidManifest.xml:40:19-48
22        </intent>
23    </queries>
24
25    <!-- Biometric authentication permission -->
26    <uses-permission android:name="android.permission.USE_BIOMETRIC" />
26-->src/main/AndroidManifest.xml:45:5-72
26-->src/main/AndroidManifest.xml:45:22-69
27    <uses-permission android:name="android.permission.USE_FINGERPRINT" />
27-->src/main/AndroidManifest.xml:46:5-74
27-->src/main/AndroidManifest.xml:46:22-71
28    <uses-permission android:name="android.permission.INTERNET" />
28-->[com.google.firebase:firebase-auth:22.3.1] AndroidManifest.xml:25:5-67
28-->[com.google.firebase:firebase-auth:22.3.1] AndroidManifest.xml:25:22-64
29    <uses-permission android:name="android.permission.ACCESS_NETWORK_STATE" />
29-->[com.google.firebase:firebase-auth:22.3.1] AndroidManifest.xml:26:5-79
29-->[com.google.firebase:firebase-auth:22.3.1] AndroidManifest.xml:26:22-76
30    <uses-permission android:name="com.google.android.providers.gsf.permission.READ_GSERVICES" />
30-->[com.google.android.recaptcha:recaptcha:18.4.0] AndroidManifest.xml:9:5-98
30-->[com.google.android.recaptcha:recaptcha:18.4.0] AndroidManifest.xml:9:22-95
31
32    <permission
32-->[androidx.core:core:1.10.1] AndroidManifest.xml:22:5-24:47
33        android:name="com.games1.budget_tracker.DYNAMIC_RECEIVER_NOT_EXPORTED_PERMISSION"
33-->[androidx.core:core:1.10.1] AndroidManifest.xml:23:9-81
34        android:protectionLevel="signature" />
34-->[androidx.core:core:1.10.1] AndroidManifest.xml:24:9-44
35
36    <uses-permission android:name="com.games1.budget_tracker.DYNAMIC_RECEIVER_NOT_EXPORTED_PERMISSION" />
36-->[androidx.core:core:1.10.1] AndroidManifest.xml:26:5-97
36-->[androidx.core:core:1.10.1] AndroidManifest.xml:26:22-94
37
38    <application
39        android:name="io.flutter.app.FlutterMultiDexApplication"
39-->src/main/AndroidManifest.xml:4:9-42
40        android:appComponentFactory="androidx.core.app.CoreComponentFactory"
40-->[androidx.core:core:1.10.1] AndroidManifest.xml:28:18-86
41        android:icon="@mipmap/ic_launcher"
41-->src/main/AndroidManifest.xml:5:9-43
42        android:label="Budget Tracker" >
42-->src/main/AndroidManifest.xml:3:9-39
43        <activity
43-->src/main/AndroidManifest.xml:6:9-25:20
44            android:name="com.example.budget_tracker.MainActivity"
44-->src/main/AndroidManifest.xml:7:13-41
45            android:configChanges="orientation|keyboardHidden|keyboard|screenSize|smallestScreenSize|locale|layoutDirection|fontScale|screenLayout|density|uiMode"
45-->src/main/AndroidManifest.xml:11:13-163
46            android:exported="true"
46-->src/main/AndroidManifest.xml:8:13-36
47            android:hardwareAccelerated="true"
47-->src/main/AndroidManifest.xml:12:13-47
48            android:launchMode="singleTop"
48-->src/main/AndroidManifest.xml:9:13-43
49            android:theme="@style/LaunchTheme"
49-->src/main/AndroidManifest.xml:10:13-47
50            android:windowSoftInputMode="adjustResize" >
50-->src/main/AndroidManifest.xml:13:13-55
51
52            <!--
53                 Specifies an Android theme to apply to this Activity as soon as
54                 the Android process has started. This theme is visible to the user
55                 while the Flutter UI initializes. After that, this theme continues
56                 to determine the Window background behind the Flutter UI.
57            -->
58            <meta-data
58-->src/main/AndroidManifest.xml:18:13-20:57
59                android:name="io.flutter.embedding.android.NormalTheme"
59-->src/main/AndroidManifest.xml:19:17-72
60                android:resource="@style/NormalTheme" />
60-->src/main/AndroidManifest.xml:20:17-54
61
62            <intent-filter>
62-->src/main/AndroidManifest.xml:21:13-24:29
63                <action android:name="android.intent.action.MAIN" />
63-->src/main/AndroidManifest.xml:22:17-68
63-->src/main/AndroidManifest.xml:22:25-66
64
65                <category android:name="android.intent.category.LAUNCHER" />
65-->src/main/AndroidManifest.xml:23:17-76
65-->src/main/AndroidManifest.xml:23:27-74
66            </intent-filter>
67        </activity>
68        <!--
69             Don't delete the meta-data below.
70             This is used by the Flutter tool to generate GeneratedPluginRegistrant.java
71        -->
72        <meta-data
72-->src/main/AndroidManifest.xml:28:9-30:33
73            android:name="flutterEmbedding"
73-->src/main/AndroidManifest.xml:29:13-44
74            android:value="2" />
74-->src/main/AndroidManifest.xml:30:13-30
75
76        <service
76-->[:firebase_auth] AndroidManifest.xml:10:9-14:19
77            android:name="com.google.firebase.components.ComponentDiscoveryService"
77-->[:firebase_auth] AndroidManifest.xml:10:18-89
78            android:directBootAware="true"
78-->[com.google.firebase:firebase-common:20.4.3] AndroidManifest.xml:32:13-43
79            android:exported="false" >
79-->[com.google.firebase:firebase-auth:22.3.1] AndroidManifest.xml:68:13-37
80            <meta-data
80-->[:firebase_auth] AndroidManifest.xml:11:13-13:85
81                android:name="com.google.firebase.components:io.flutter.plugins.firebase.auth.FlutterFirebaseAuthRegistrar"
81-->[:firebase_auth] AndroidManifest.xml:12:17-124
82                android:value="com.google.firebase.components.ComponentRegistrar" />
82-->[:firebase_auth] AndroidManifest.xml:13:17-82
83            <meta-data
83-->[:cloud_firestore] AndroidManifest.xml:11:13-13:85
84                android:name="com.google.firebase.components:io.flutter.plugins.firebase.firestore.FlutterFirebaseFirestoreRegistrar"
84-->[:cloud_firestore] AndroidManifest.xml:12:17-134
85                android:value="com.google.firebase.components.ComponentRegistrar" />
85-->[:cloud_firestore] AndroidManifest.xml:13:17-82
86            <meta-data
86-->[:firebase_core] AndroidManifest.xml:11:13-13:85
87                android:name="com.google.firebase.components:io.flutter.plugins.firebase.core.FlutterFirebaseCoreRegistrar"
87-->[:firebase_core] AndroidManifest.xml:12:17-124
88                android:value="com.google.firebase.components.ComponentRegistrar" />
88-->[:firebase_core] AndroidManifest.xml:13:17-82
89            <meta-data
89-->[com.google.firebase:firebase-auth:22.3.1] AndroidManifest.xml:69:13-71:85
90                android:name="com.google.firebase.components:com.google.firebase.auth.FirebaseAuthRegistrar"
90-->[com.google.firebase:firebase-auth:22.3.1] AndroidManifest.xml:70:17-109
91                android:value="com.google.firebase.components.ComponentRegistrar" />
91-->[com.google.firebase:firebase-auth:22.3.1] AndroidManifest.xml:71:17-82
92            <meta-data
92-->[com.google.firebase:firebase-firestore:24.11.0] AndroidManifest.xml:17:13-19:85
93                android:name="com.google.firebase.components:com.google.firebase.firestore.FirebaseFirestoreKtxRegistrar"
93-->[com.google.firebase:firebase-firestore:24.11.0] AndroidManifest.xml:18:17-122
94                android:value="com.google.firebase.components.ComponentRegistrar" />
94-->[com.google.firebase:firebase-firestore:24.11.0] AndroidManifest.xml:19:17-82
95            <meta-data
95-->[com.google.firebase:firebase-firestore:24.11.0] AndroidManifest.xml:20:13-22:85
96                android:name="com.google.firebase.components:com.google.firebase.firestore.FirestoreRegistrar"
96-->[com.google.firebase:firebase-firestore:24.11.0] AndroidManifest.xml:21:17-111
97                android:value="com.google.firebase.components.ComponentRegistrar" />
97-->[com.google.firebase:firebase-firestore:24.11.0] AndroidManifest.xml:22:17-82
98            <meta-data
98-->[com.google.firebase:firebase-common-ktx:20.4.3] AndroidManifest.xml:12:13-14:85
99                android:name="com.google.firebase.components:com.google.firebase.ktx.FirebaseCommonLegacyRegistrar"
99-->[com.google.firebase:firebase-common-ktx:20.4.3] AndroidManifest.xml:13:17-116
100                android:value="com.google.firebase.components.ComponentRegistrar" />
100-->[com.google.firebase:firebase-common-ktx:20.4.3] AndroidManifest.xml:14:17-82
101            <meta-data
101-->[com.google.firebase:firebase-common:20.4.3] AndroidManifest.xml:35:13-37:85
102                android:name="com.google.firebase.components:com.google.firebase.FirebaseCommonKtxRegistrar"
102-->[com.google.firebase:firebase-common:20.4.3] AndroidManifest.xml:36:17-109
103                android:value="com.google.firebase.components.ComponentRegistrar" />
103-->[com.google.firebase:firebase-common:20.4.3] AndroidManifest.xml:37:17-82
104        </service>
105
106        <activity
106-->[com.google.firebase:firebase-auth:22.3.1] AndroidManifest.xml:29:9-46:20
107            android:name="com.google.firebase.auth.internal.GenericIdpActivity"
107-->[com.google.firebase:firebase-auth:22.3.1] AndroidManifest.xml:30:13-80
108            android:excludeFromRecents="true"
108-->[com.google.firebase:firebase-auth:22.3.1] AndroidManifest.xml:31:13-46
109            android:exported="true"
109-->[com.google.firebase:firebase-auth:22.3.1] AndroidManifest.xml:32:13-36
110            android:launchMode="singleTask"
110-->[com.google.firebase:firebase-auth:22.3.1] AndroidManifest.xml:33:13-44
111            android:theme="@android:style/Theme.Translucent.NoTitleBar" >
111-->[com.google.firebase:firebase-auth:22.3.1] AndroidManifest.xml:34:13-72
112            <intent-filter>
112-->[com.google.firebase:firebase-auth:22.3.1] AndroidManifest.xml:35:13-45:29
113                <action android:name="android.intent.action.VIEW" />
113-->[com.google.firebase:firebase-auth:22.3.1] AndroidManifest.xml:36:17-69
113-->[com.google.firebase:firebase-auth:22.3.1] AndroidManifest.xml:36:25-66
114
115                <category android:name="android.intent.category.DEFAULT" />
115-->[com.google.firebase:firebase-auth:22.3.1] AndroidManifest.xml:38:17-76
115-->[com.google.firebase:firebase-auth:22.3.1] AndroidManifest.xml:38:27-73
116                <category android:name="android.intent.category.BROWSABLE" />
116-->[com.google.firebase:firebase-auth:22.3.1] AndroidManifest.xml:39:17-78
116-->[com.google.firebase:firebase-auth:22.3.1] AndroidManifest.xml:39:27-75
117
118                <data
118-->src/main/AndroidManifest.xml:40:13-50
119                    android:host="firebase.auth"
120                    android:path="/"
121                    android:scheme="genericidp" />
122            </intent-filter>
123        </activity>
124        <activity
124-->[com.google.firebase:firebase-auth:22.3.1] AndroidManifest.xml:47:9-64:20
125            android:name="com.google.firebase.auth.internal.RecaptchaActivity"
125-->[com.google.firebase:firebase-auth:22.3.1] AndroidManifest.xml:48:13-79
126            android:excludeFromRecents="true"
126-->[com.google.firebase:firebase-auth:22.3.1] AndroidManifest.xml:49:13-46
127            android:exported="true"
127-->[com.google.firebase:firebase-auth:22.3.1] AndroidManifest.xml:50:13-36
128            android:launchMode="singleTask"
128-->[com.google.firebase:firebase-auth:22.3.1] AndroidManifest.xml:51:13-44
129            android:theme="@android:style/Theme.Translucent.NoTitleBar" >
129-->[com.google.firebase:firebase-auth:22.3.1] AndroidManifest.xml:52:13-72
130            <intent-filter>
130-->[com.google.firebase:firebase-auth:22.3.1] AndroidManifest.xml:53:13-63:29
131                <action android:name="android.intent.action.VIEW" />
131-->[com.google.firebase:firebase-auth:22.3.1] AndroidManifest.xml:36:17-69
131-->[com.google.firebase:firebase-auth:22.3.1] AndroidManifest.xml:36:25-66
132
133                <category android:name="android.intent.category.DEFAULT" />
133-->[com.google.firebase:firebase-auth:22.3.1] AndroidManifest.xml:38:17-76
133-->[com.google.firebase:firebase-auth:22.3.1] AndroidManifest.xml:38:27-73
134                <category android:name="android.intent.category.BROWSABLE" />
134-->[com.google.firebase:firebase-auth:22.3.1] AndroidManifest.xml:39:17-78
134-->[com.google.firebase:firebase-auth:22.3.1] AndroidManifest.xml:39:27-75
135
136                <data
136-->src/main/AndroidManifest.xml:40:13-50
137                    android:host="firebase.auth"
138                    android:path="/"
139                    android:scheme="recaptcha" />
140            </intent-filter>
141        </activity>
142        <activity
142-->[com.google.android.gms:play-services-base:18.0.1] AndroidManifest.xml:20:9-22:45
143            android:name="com.google.android.gms.common.api.GoogleApiActivity"
143-->[com.google.android.gms:play-services-base:18.0.1] AndroidManifest.xml:20:19-85
144            android:exported="false"
144-->[com.google.android.gms:play-services-base:18.0.1] AndroidManifest.xml:22:19-43
145            android:theme="@android:style/Theme.Translucent.NoTitleBar" />
145-->[com.google.android.gms:play-services-base:18.0.1] AndroidManifest.xml:21:19-78
146
147        <provider
147-->[com.google.firebase:firebase-common:20.4.3] AndroidManifest.xml:23:9-28:39
148            android:name="com.google.firebase.provider.FirebaseInitProvider"
148-->[com.google.firebase:firebase-common:20.4.3] AndroidManifest.xml:24:13-77
149            android:authorities="com.games1.budget_tracker.firebaseinitprovider"
149-->[com.google.firebase:firebase-common:20.4.3] AndroidManifest.xml:25:13-72
150            android:directBootAware="true"
150-->[com.google.firebase:firebase-common:20.4.3] AndroidManifest.xml:26:13-43
151            android:exported="false"
151-->[com.google.firebase:firebase-common:20.4.3] AndroidManifest.xml:27:13-37
152            android:initOrder="100" />
152-->[com.google.firebase:firebase-common:20.4.3] AndroidManifest.xml:28:13-36
153
154        <meta-data
154-->[com.google.android.gms:play-services-basement:18.3.0] AndroidManifest.xml:21:9-23:69
155            android:name="com.google.android.gms.version"
155-->[com.google.android.gms:play-services-basement:18.3.0] AndroidManifest.xml:22:13-58
156            android:value="@integer/google_play_services_version" />
156-->[com.google.android.gms:play-services-basement:18.3.0] AndroidManifest.xml:23:13-66
157
158        <uses-library
158-->[androidx.window:window:1.0.0-beta04] AndroidManifest.xml:25:9-27:40
159            android:name="androidx.window.extensions"
159-->[androidx.window:window:1.0.0-beta04] AndroidManifest.xml:26:13-54
160            android:required="false" />
160-->[androidx.window:window:1.0.0-beta04] AndroidManifest.xml:27:13-37
161        <uses-library
161-->[androidx.window:window:1.0.0-beta04] AndroidManifest.xml:28:9-30:40
162            android:name="androidx.window.sidecar"
162-->[androidx.window:window:1.0.0-beta04] AndroidManifest.xml:29:13-51
163            android:required="false" />
163-->[androidx.window:window:1.0.0-beta04] AndroidManifest.xml:30:13-37
164
165        <provider
165-->[androidx.profileinstaller:profileinstaller:1.3.0] AndroidManifest.xml:24:9-32:20
166            android:name="androidx.startup.InitializationProvider"
166-->[androidx.profileinstaller:profileinstaller:1.3.0] AndroidManifest.xml:25:13-67
167            android:authorities="com.games1.budget_tracker.androidx-startup"
167-->[androidx.profileinstaller:profileinstaller:1.3.0] AndroidManifest.xml:26:13-68
168            android:exported="false" >
168-->[androidx.profileinstaller:profileinstaller:1.3.0] AndroidManifest.xml:27:13-37
169            <meta-data
169-->[androidx.profileinstaller:profileinstaller:1.3.0] AndroidManifest.xml:29:13-31:52
170                android:name="androidx.profileinstaller.ProfileInstallerInitializer"
170-->[androidx.profileinstaller:profileinstaller:1.3.0] AndroidManifest.xml:30:17-85
171                android:value="androidx.startup" />
171-->[androidx.profileinstaller:profileinstaller:1.3.0] AndroidManifest.xml:31:17-49
172        </provider>
173
174        <receiver
174-->[androidx.profileinstaller:profileinstaller:1.3.0] AndroidManifest.xml:34:9-52:20
175            android:name="androidx.profileinstaller.ProfileInstallReceiver"
175-->[androidx.profileinstaller:profileinstaller:1.3.0] AndroidManifest.xml:35:13-76
176            android:directBootAware="false"
176-->[androidx.profileinstaller:profileinstaller:1.3.0] AndroidManifest.xml:36:13-44
177            android:enabled="true"
177-->[androidx.profileinstaller:profileinstaller:1.3.0] AndroidManifest.xml:37:13-35
178            android:exported="true"
178-->[androidx.profileinstaller:profileinstaller:1.3.0] AndroidManifest.xml:38:13-36
179            android:permission="android.permission.DUMP" >
179-->[androidx.profileinstaller:profileinstaller:1.3.0] AndroidManifest.xml:39:13-57
180            <intent-filter>
180-->[androidx.profileinstaller:profileinstaller:1.3.0] AndroidManifest.xml:40:13-42:29
181                <action android:name="androidx.profileinstaller.action.INSTALL_PROFILE" />
181-->[androidx.profileinstaller:profileinstaller:1.3.0] AndroidManifest.xml:41:17-91
181-->[androidx.profileinstaller:profileinstaller:1.3.0] AndroidManifest.xml:41:25-88
182            </intent-filter>
183            <intent-filter>
183-->[androidx.profileinstaller:profileinstaller:1.3.0] AndroidManifest.xml:43:13-45:29
184                <action android:name="androidx.profileinstaller.action.SKIP_FILE" />
184-->[androidx.profileinstaller:profileinstaller:1.3.0] AndroidManifest.xml:44:17-85
184-->[androidx.profileinstaller:profileinstaller:1.3.0] AndroidManifest.xml:44:25-82
185            </intent-filter>
186            <intent-filter>
186-->[androidx.profileinstaller:profileinstaller:1.3.0] AndroidManifest.xml:46:13-48:29
187                <action android:name="androidx.profileinstaller.action.SAVE_PROFILE" />
187-->[androidx.profileinstaller:profileinstaller:1.3.0] AndroidManifest.xml:47:17-88
187-->[androidx.profileinstaller:profileinstaller:1.3.0] AndroidManifest.xml:47:25-85
188            </intent-filter>
189            <intent-filter>
189-->[androidx.profileinstaller:profileinstaller:1.3.0] AndroidManifest.xml:49:13-51:29
190                <action android:name="androidx.profileinstaller.action.BENCHMARK_OPERATION" />
190-->[androidx.profileinstaller:profileinstaller:1.3.0] AndroidManifest.xml:50:17-95
190-->[androidx.profileinstaller:profileinstaller:1.3.0] AndroidManifest.xml:50:25-92
191            </intent-filter>
192        </receiver>
193    </application>
194
195</manifest>